<?xml version="1.0" encoding="UTF-8"?>
<!-- Generated by org.testng.reporters.JUnitXMLReporter -->
<testsuite ignored="0" hostname="LAPTOP-1D7JHQSP" failures="0" tests="6" name="Default test" time="0.08" errors="0" timestamp="2022-12-13T11:24:30 IST">
  <testcase classname="Openbrowser.testng1" name="addition1" time="0.007"/>
  <testcase classname="Openbrowser.testng1" name="addition1" time="0.002"/>
  <testcase classname="Openbrowser.testng1" name="addition1" time="0.001"/>
  <testcase classname="Openbrowser.testng1" name="addition1" time="0.001"/>
  <testcase classname="Openbrowser.testng1" name="addition1" time="0.001"/>
  <testcase classname="Openbrowser.testng1" name="multi" time="0.003"/>
</testsuite> <!-- Default test -->
