<?xml version="1.0" encoding="UTF-8"?>
<testng-results ignored="0" total="6" passed="6" failed="0" skipped="0">
  <reporter-output>
  </reporter-output>
  <suite started-at="2022-12-13T11:24:30 IST" name="Default suite" finished-at="2022-12-13T11:24:30 IST" duration-ms="80">
    <groups>
    </groups>
    <test started-at="2022-12-13T11:24:30 IST" name="Default test" finished-at="2022-12-13T11:24:30 IST" duration-ms="80">
      <class name="Openbrowser.testng1">
        <test-method is-config="true" signature="subtraction()[pri:0, instance:Openbrowser.testng1@1b6e1eff]" started-at="2022-12-13T11:24:30 IST" name="subtraction" finished-at="2022-12-13T11:24:30 IST" duration-ms="9" status="PASS">
          <reporter-output>
          </reporter-output>
        </test-method> <!-- subtraction -->
        <test-method signature="addition1()[pri:0, instance:Openbrowser.testng1@1b6e1eff]" started-at="2022-12-13T11:24:30 IST" name="addition1" finished-at="2022-12-13T11:24:30 IST" duration-ms="7" status="PASS">
          <reporter-output>
          </reporter-output>
        </test-method> <!-- addition1 -->
        <test-method signature="addition1()[pri:0, instance:Openbrowser.testng1@1b6e1eff]" started-at="2022-12-13T11:24:30 IST" name="addition1" finished-at="2022-12-13T11:24:30 IST" duration-ms="2" status="PASS">
          <reporter-output>
          </reporter-output>
        </test-method> <!-- addition1 -->
        <test-method signature="addition1()[pri:0, instance:Openbrowser.testng1@1b6e1eff]" started-at="2022-12-13T11:24:30 IST" name="addition1" finished-at="2022-12-13T11:24:30 IST" duration-ms="1" status="PASS">
          <reporter-output>
          </reporter-output>
        </test-method> <!-- addition1 -->
        <test-method signature="addition1()[pri:0, instance:Openbrowser.testng1@1b6e1eff]" started-at="2022-12-13T11:24:30 IST" name="addition1" finished-at="2022-12-13T11:24:30 IST" duration-ms="1" status="PASS">
          <reporter-output>
          </reporter-output>
        </test-method> <!-- addition1 -->
        <test-method signature="addition1()[pri:0, instance:Openbrowser.testng1@1b6e1eff]" started-at="2022-12-13T11:24:30 IST" name="addition1" finished-at="2022-12-13T11:24:30 IST" duration-ms="1" status="PASS">
          <reporter-output>
          </reporter-output>
        </test-method> <!-- addition1 -->
        <test-method signature="multi()[pri:1, instance:Openbrowser.testng1@1b6e1eff]" started-at="2022-12-13T11:24:30 IST" name="multi" finished-at="2022-12-13T11:24:30 IST" duration-ms="3" status="PASS">
          <reporter-output>
          </reporter-output>
        </test-method> <!-- multi -->
        <test-method is-config="true" signature="addition()[pri:0, instance:Openbrowser.testng1@1b6e1eff]" started-at="2022-12-13T11:24:30 IST" name="addition" finished-at="2022-12-13T11:24:30 IST" duration-ms="1" status="PASS">
          <reporter-output>
          </reporter-output>
        </test-method> <!-- addition -->
      </class> <!-- Openbrowser.testng1 -->
    </test> <!-- Default test -->
  </suite> <!-- Default suite -->
</testng-results>
